<?xml version="1.0" encoding="UTF-8"?>
<!-- Generated by org.testng.reporters.JUnitXMLReporter -->
<testsuite ignored="0" hostname="DESKTOP-E5D0OB9" failures="0" tests="3" name="Default test" time="12.307" errors="0" timestamp="2025-04-13T17:03:21 IST">
  <testcase classname="tests.Test01" name="getPollingStation" time="0.815"/>
  <testcase classname="tests.Test01" name="getPollingStation" time="0.92"/>
  <testcase classname="tests.Test01" name="getPollingStation" time="0.676"/>
</testsuite> <!-- Default test -->
