<?xml version="1.0" encoding="UTF-8"?>
<!-- Generated by org.testng.reporters.JUnitXMLReporter -->
<testsuite ignored="0" hostname="DESKTOP-E5D0OB9" failures="0" tests="3" name="Test" time="14.246" errors="0" timestamp="2025-04-13T17:51:44 IST">
  <testcase classname="tests.Test01" name="getPollingStation" time="1.775"/>
  <testcase classname="tests.Test01" name="getPollingStation" time="1.418"/>
  <testcase classname="tests.Test01" name="getPollingStation" time="1.922"/>
</testsuite> <!-- Test -->
